[2018-09-16 19:32:10][[95mDEBUG[0m][ggez::graphics::context] Window created.
[2018-09-16 19:32:10][[95mDEBUG[0m][ggez::graphics::context]   Asked for     OpenGL 3.2 Core, vsync: true
[2018-09-16 19:32:10][[95mDEBUG[0m][ggez::graphics::context]   Actually got: OpenGL 3.2 Core, vsync: VSync
[2018-09-16 19:32:10][[95mDEBUG[0m][ggez::graphics::context]   Window size: 800x600, drawable size: 1600x1200, DPI: (147.35904, 147.5, 147.0)
[2018-09-16 19:32:10][[95mDEBUG[0m][ggez::graphics::context]   Driver vendor: Intel Inc., renderer Intel Iris Pro OpenGL Engine, version 4.1, INTEL-10.36.19, shading language 4.10
[2018-09-16 19:32:10][[33mWARN[0m ][gfx_device_gl::shade] 	Log: WARNING: Could not find fragment shader output 'Target2' to match FragDataBinding request.
WARNING: Could not find fragment shader output 'Target3' to match FragDataBinding request.
WARNING: Could not find fragment shader output 'Target1' to match FragDataBinding request.

[2018-09-16 19:32:10][[33mWARN[0m ][gfx_device_gl::shade] 	Log: WARNING: Could not find fragment shader output 'Target2' to match FragDataBinding request.
WARNING: Could not find fragment shader output 'Target3' to match FragDataBinding request.
WARNING: Could not find fragment shader output 'Target1' to match FragDataBinding request.

[2018-09-16 19:32:10][[33mWARN[0m ][gfx_device_gl::shade] 	Log: WARNING: Could not find fragment shader output 'Target2' to match FragDataBinding request.
WARNING: Could not find fragment shader output 'Target3' to match FragDataBinding request.
WARNING: Could not find fragment shader output 'Target1' to match FragDataBinding request.

[2018-09-16 19:32:10][[33mWARN[0m ][gfx_device_gl::shade] 	Log: WARNING: Could not find fragment shader output 'Target2' to match FragDataBinding request.
WARNING: Could not find fragment shader output 'Target3' to match FragDataBinding request.
WARNING: Could not find fragment shader output 'Target1' to match FragDataBinding request.

[2018-09-16 19:32:10][[33mWARN[0m ][gfx_device_gl::shade] 	Log: WARNING: Could not find fragment shader output 'Target2' to match FragDataBinding request.
WARNING: Could not find fragment shader output 'Target3' to match FragDataBinding request.
WARNING: Could not find fragment shader output 'Target1' to match FragDataBinding request.

[2018-09-16 19:32:10][[33mWARN[0m ][gfx_device_gl::shade] 	Log: WARNING: Could not find fragment shader output 'Target2' to match FragDataBinding request.
WARNING: Could not find fragment shader output 'Target3' to match FragDataBinding request.
WARNING: Could not find fragment shader output 'Target1' to match FragDataBinding request.

[2018-09-16 19:32:10][[33mWARN[0m ][gfx_device_gl::shade] 	Log: WARNING: Could not find fragment shader output 'Target2' to match FragDataBinding request.
WARNING: Could not find fragment shader output 'Target3' to match FragDataBinding request.
WARNING: Could not find fragment shader output 'Target1' to match FragDataBinding request.

[2018-09-16 19:32:10][[33mWARN[0m ][gfx_device_gl::shade] 	Log: WARNING: Could not find fragment shader output 'Target2' to match FragDataBinding request.
WARNING: Could not find fragment shader output 'Target3' to match FragDataBinding request.
WARNING: Could not find fragment shader output 'Target1' to match FragDataBinding request.

[2018-09-16 19:32:10][[32mINFO[0m ][rustic::world] Setting up resource path: "/Users/david/Documents/rust_stuff/rustic/target/debug/examples/resources"
[2018-09-16 19:32:10][[32mINFO[0m ][ggez::filesystem] Source <PhysicalFS root: /Users/david/Documents/rust_stuff/rustic/target/debug/examples/resources>
[2018-09-16 19:32:10][[32mINFO[0m ][ggez::filesystem] Source <PhysicalFS root: /Users/david/Library/Application Support/empty>
[2018-09-16 19:32:10][[32mINFO[0m ][ggez::filesystem] Source <PhysicalFS root: /Users/david/Library/Application Support/empty>
[2018-09-16 19:32:10][[32mINFO[0m ][ggez::filesystem] Source <PhysicalFS root: /Users/david/Documents/rust_stuff/rustic/resources>
[2018-09-16 19:32:10][[32mINFO[0m ][ggez::filesystem]   Ok("/.DS_Store")
[2018-09-16 19:32:10][[32mINFO[0m ][ggez::filesystem]   Ok("/dungeon")
[2018-09-16 19:32:10][[32mINFO[0m ][rustic::storyboard] story_names ["FadeStory: 3"]
[2018-09-16 19:32:10][[32mINFO[0m ][rustic::storyboard] state_names ["EmptyState"]
[2018-09-16 19:32:10][[32mINFO[0m ][rustic::storyboard] story_names ["FadeStory: 3"]
[2018-09-16 19:32:10][[32mINFO[0m ][rustic::storyboard] state_names ["EmptyState", "FadeState: 1", "TweenState: 1"]
[2018-09-16 19:32:10][[33mWARN[0m ][rustic::sop::fade_states] Sending
[2018-09-16 19:32:10][[32mINFO[0m ][rustic::storyboard] story_names ["FadeStory: 3"]
[2018-09-16 19:32:10][[32mINFO[0m ][rustic::storyboard] state_names ["EmptyState", "FadeState: 1", "TweenState: 0.9995062"]
[2018-09-16 19:32:10][[33mWARN[0m ][rustic::sop::fade_states] Sending
[2018-09-16 19:32:10][[32mINFO[0m ][rustic::storyboard] story_names ["FadeStory: 3"]
[2018-09-16 19:32:10][[32mINFO[0m ][rustic::storyboard] state_names ["EmptyState", "FadeState: 1", "TweenState: 0.9980247"]
[2018-09-16 19:32:10][[33mWARN[0m ][rustic::sop::fade_states] Sending
[2018-09-16 19:32:10][[32mINFO[0m ][rustic::storyboard] story_names ["FadeStory: 3"]
[2018-09-16 19:32:10][[32mINFO[0m ][rustic::storyboard] state_names ["EmptyState", "FadeState: 1", "TweenState: 0.9955556"]
[2018-09-16 19:32:10][[33mWARN[0m ][rustic::sop::fade_states] Sending
[2018-09-16 19:32:10][[32mINFO[0m ][rustic::storyboard] story_names ["FadeStory: 3"]
[2018-09-16 19:32:10][[32mINFO[0m ][rustic::storyboard] state_names ["EmptyState", "FadeState: 1", "TweenState: 0.99209875"]
[2018-09-16 19:32:10][[33mWARN[0m ][rustic::sop::fade_states] Sending
[2018-09-16 19:32:10][[32mINFO[0m ][rustic::storyboard] story_names ["FadeStory: 3"]
[2018-09-16 19:32:10][[32mINFO[0m ][rustic::storyboard] state_names ["EmptyState", "FadeState: 1", "TweenState: 0.9876543"]
[2018-09-16 19:32:10][[33mWARN[0m ][rustic::sop::fade_states] Sending
[2018-09-16 19:32:10][[32mINFO[0m ][rustic::storyboard] story_names ["FadeStory: 3"]
[2018-09-16 19:32:10][[32mINFO[0m ][rustic::storyboard] state_names ["EmptyState", "FadeState: 1", "TweenState: 0.9822222"]
[2018-09-16 19:32:10][[33mWARN[0m ][rustic::sop::fade_states] Sending
[2018-09-16 19:32:10][[32mINFO[0m ][rustic::storyboard] story_names ["FadeStory: 3"]
[2018-09-16 19:32:10][[32mINFO[0m ][rustic::storyboard] state_names ["EmptyState", "FadeState: 1", "TweenState: 0.9758025"]
[2018-09-16 19:32:10][[33mWARN[0m ][rustic::sop::fade_states] Sending
[2018-09-16 19:32:10][[32mINFO[0m ][rustic::storyboard] story_names ["FadeStory: 3"]
[2018-09-16 19:32:10][[32mINFO[0m ][rustic::storyboard] state_names ["EmptyState", "FadeState: 1", "TweenState: 0.96839505"]
[2018-09-16 19:32:10][[33mWARN[0m ][rustic::sop::fade_states] Sending
[2018-09-16 19:32:10][[32mINFO[0m ][rustic::storyboard] story_names ["FadeStory: 3"]
[2018-09-16 19:32:10][[32mINFO[0m ][rustic::storyboard] state_names ["EmptyState", "FadeState: 1", "TweenState: 0.96"]
[2018-09-16 19:32:10][[33mWARN[0m ][rustic::sop::fade_states] Sending
[2018-09-16 19:32:10][[32mINFO[0m ][rustic::storyboard] story_names ["FadeStory: 3"]
[2018-09-16 19:32:10][[32mINFO[0m ][rustic::storyboard] state_names ["EmptyState", "FadeState: 1", "TweenState: 0.9506173"]
[2018-09-16 19:32:10][[33mWARN[0m ][rustic::sop::fade_states] Sending
[2018-09-16 19:32:10][[32mINFO[0m ][rustic::storyboard] story_names ["FadeStory: 3"]
[2018-09-16 19:32:10][[32mINFO[0m ][rustic::storyboard] state_names ["EmptyState", "FadeState: 1", "TweenState: 0.94024694"]
[2018-09-16 19:32:10][[33mWARN[0m ][rustic::sop::fade_states] Sending
[2018-09-16 19:32:10][[32mINFO[0m ][rustic::storyboard] story_names ["FadeStory: 3"]
[2018-09-16 19:32:10][[32mINFO[0m ][rustic::storyboard] state_names ["EmptyState", "FadeState: 1", "TweenState: 0.92888886"]
[2018-09-16 19:32:11][[33mWARN[0m ][rustic::sop::fade_states] Sending
[2018-09-16 19:32:11][[32mINFO[0m ][rustic::storyboard] story_names ["FadeStory: 3"]
[2018-09-16 19:32:11][[32mINFO[0m ][rustic::storyboard] state_names ["EmptyState", "FadeState: 1", "TweenState: 0.9165432"]
[2018-09-16 19:32:11][[33mWARN[0m ][rustic::sop::fade_states] Sending
[2018-09-16 19:32:11][[32mINFO[0m ][rustic::storyboard] story_names ["FadeStory: 3"]
[2018-09-16 19:32:11][[32mINFO[0m ][rustic::storyboard] state_names ["EmptyState", "FadeState: 1", "TweenState: 0.90320987"]
[2018-09-16 19:32:11][[33mWARN[0m ][rustic::sop::fade_states] Sending
[2018-09-16 19:32:11][[32mINFO[0m ][rustic::storyboard] story_names ["FadeStory: 3"]
[2018-09-16 19:32:11][[32mINFO[0m ][rustic::storyboard] state_names ["EmptyState", "FadeState: 1", "TweenState: 0.8888889"]
[2018-09-16 19:32:11][[33mWARN[0m ][rustic::sop::fade_states] Sending
[2018-09-16 19:32:11][[32mINFO[0m ][rustic::storyboard] story_names ["FadeStory: 3"]
[2018-09-16 19:32:11][[32mINFO[0m ][rustic::storyboard] state_names ["EmptyState", "FadeState: 1", "TweenState: 0.8735802"]
[2018-09-16 19:32:11][[33mWARN[0m ][rustic::sop::fade_states] Sending
[2018-09-16 19:32:11][[32mINFO[0m ][rustic::storyboard] story_names ["FadeStory: 3"]
[2018-09-16 19:32:11][[32mINFO[0m ][rustic::storyboard] state_names ["EmptyState", "FadeState: 1", "TweenState: 0.85728395"]
[2018-09-16 19:32:11][[33mWARN[0m ][rustic::sop::fade_states] Sending
[2018-09-16 19:32:11][[32mINFO[0m ][rustic::storyboard] story_names ["FadeStory: 3"]
[2018-09-16 19:32:11][[32mINFO[0m ][rustic::storyboard] state_names ["EmptyState", "FadeState: 1", "TweenState: 0.8399999"]
[2018-09-16 19:32:11][[33mWARN[0m ][rustic::sop::fade_states] Sending
[2018-09-16 19:32:11][[32mINFO[0m ][rustic::storyboard] story_names ["FadeStory: 3"]
[2018-09-16 19:32:11][[32mINFO[0m ][rustic::storyboard] state_names ["EmptyState", "FadeState: 1", "TweenState: 0.82172835"]
[2018-09-16 19:32:11][[33mWARN[0m ][rustic::sop::fade_states] Sending
[2018-09-16 19:32:11][[32mINFO[0m ][rustic::storyboard] story_names ["FadeStory: 3"]
[2018-09-16 19:32:11][[32mINFO[0m ][rustic::storyboard] state_names ["EmptyState", "FadeState: 1", "TweenState: 0.8024691"]
[2018-09-16 19:32:11][[33mWARN[0m ][rustic::sop::fade_states] Sending
[2018-09-16 19:32:11][[32mINFO[0m ][rustic::storyboard] story_names ["FadeStory: 3"]
[2018-09-16 19:32:11][[32mINFO[0m ][rustic::storyboard] state_names ["EmptyState", "FadeState: 1", "TweenState: 0.7822221"]
[2018-09-16 19:32:11][[33mWARN[0m ][rustic::sop::fade_states] Sending
[2018-09-16 19:32:11][[32mINFO[0m ][rustic::storyboard] story_names ["FadeStory: 3"]
[2018-09-16 19:32:11][[32mINFO[0m ][rustic::storyboard] state_names ["EmptyState", "FadeState: 1", "TweenState: 0.7609875"]
[2018-09-16 19:32:11][[33mWARN[0m ][rustic::sop::fade_states] Sending
[2018-09-16 19:32:11][[32mINFO[0m ][rustic::storyboard] story_names ["FadeStory: 3"]
[2018-09-16 19:32:11][[32mINFO[0m ][rustic::storyboard] state_names ["EmptyState", "FadeState: 1", "TweenState: 0.73876524"]
[2018-09-16 19:32:11][[33mWARN[0m ][rustic::sop::fade_states] Sending
[2018-09-16 19:32:11][[32mINFO[0m ][rustic::storyboard] story_names ["FadeStory: 3"]
[2018-09-16 19:32:11][[32mINFO[0m ][rustic::storyboard] state_names ["EmptyState", "FadeState: 1", "TweenState: 0.7155554"]
[2018-09-16 19:32:11][[33mWARN[0m ][rustic::sop::fade_states] Sending
[2018-09-16 19:32:11][[32mINFO[0m ][rustic::storyboard] story_names ["FadeStory: 3"]
[2018-09-16 19:32:11][[32mINFO[0m ][rustic::storyboard] state_names ["EmptyState", "FadeState: 1", "TweenState: 0.6913578"]
[2018-09-16 19:32:11][[33mWARN[0m ][rustic::sop::fade_states] Sending
[2018-09-16 19:32:11][[32mINFO[0m ][rustic::storyboard] story_names ["FadeStory: 3"]
[2018-09-16 19:32:11][[32mINFO[0m ][rustic::storyboard] state_names ["EmptyState", "FadeState: 1", "TweenState: 0.6661726"]
[2018-09-16 19:32:11][[33mWARN[0m ][rustic::sop::fade_states] Sending
[2018-09-16 19:32:11][[32mINFO[0m ][rustic::storyboard] story_names ["FadeStory: 3"]
[2018-09-16 19:32:11][[32mINFO[0m ][rustic::storyboard] state_names ["EmptyState", "FadeState: 1", "TweenState: 0.63999975"]
[2018-09-16 19:32:12][[33mWARN[0m ][rustic::sop::fade_states] Sending
[2018-09-16 19:32:12][[32mINFO[0m ][rustic::storyboard] story_names ["FadeStory: 3"]
[2018-09-16 19:32:12][[32mINFO[0m ][rustic::storyboard] state_names ["EmptyState", "FadeState: 1", "TweenState: 0.6128392"]
[2018-09-16 19:32:12][[33mWARN[0m ][rustic::sop::fade_states] Sending
[2018-09-16 19:32:12][[32mINFO[0m ][rustic::storyboard] story_names ["FadeStory: 3"]
[2018-09-16 19:32:12][[32mINFO[0m ][rustic::storyboard] state_names ["EmptyState", "FadeState: 1", "TweenState: 0.58469105"]
[2018-09-16 19:32:12][[33mWARN[0m ][rustic::sop::fade_states] Sending
[2018-09-16 19:32:12][[32mINFO[0m ][rustic::storyboard] story_names ["FadeStory: 3"]
[2018-09-16 19:32:12][[32mINFO[0m ][rustic::storyboard] state_names ["EmptyState", "FadeState: 1", "TweenState: 0.5555552"]
[2018-09-16 19:32:12][[33mWARN[0m ][rustic::sop::fade_states] Sending
[2018-09-16 19:32:12][[32mINFO[0m ][rustic::storyboard] story_names ["FadeStory: 3"]
[2018-09-16 19:32:12][[32mINFO[0m ][rustic::storyboard] state_names ["EmptyState", "FadeState: 1", "TweenState: 0.5254319"]
[2018-09-16 19:32:12][[33mWARN[0m ][rustic::sop::fade_states] Sending
[2018-09-16 19:32:12][[32mINFO[0m ][rustic::storyboard] story_names ["FadeStory: 3"]
[2018-09-16 19:32:12][[32mINFO[0m ][rustic::storyboard] state_names ["EmptyState", "FadeState: 1", "TweenState: 0.4943207"]
[2018-09-16 19:32:12][[33mWARN[0m ][rustic::sop::fade_states] Sending
[2018-09-16 19:32:12][[32mINFO[0m ][rustic::storyboard] story_names ["FadeStory: 3"]
[2018-09-16 19:32:12][[32mINFO[0m ][rustic::storyboard] state_names ["EmptyState", "FadeState: 1", "TweenState: 0.46222192"]
[2018-09-16 19:32:12][[33mWARN[0m ][rustic::sop::fade_states] Sending
[2018-09-16 19:32:12][[32mINFO[0m ][rustic::storyboard] story_names ["FadeStory: 3"]
[2018-09-16 19:32:12][[32mINFO[0m ][rustic::storyboard] state_names ["EmptyState", "FadeState: 1", "TweenState: 0.42913562"]
[2018-09-16 19:32:12][[33mWARN[0m ][rustic::sop::fade_states] Sending
[2018-09-16 19:32:12][[32mINFO[0m ][rustic::storyboard] story_names ["FadeStory: 3"]
[2018-09-16 19:32:12][[32mINFO[0m ][rustic::storyboard] state_names ["EmptyState", "FadeState: 1", "TweenState: 0.3950615"]
[2018-09-16 19:32:12][[33mWARN[0m ][rustic::sop::fade_states] Sending
[2018-09-16 19:32:12][[32mINFO[0m ][rustic::storyboard] story_names ["FadeStory: 3"]
[2018-09-16 19:32:12][[32mINFO[0m ][rustic::storyboard] state_names ["EmptyState", "FadeState: 1", "TweenState: 0.35999978"]
[2018-09-16 19:32:12][[33mWARN[0m ][rustic::sop::fade_states] Sending
[2018-09-16 19:32:12][[32mINFO[0m ][rustic::storyboard] story_names ["FadeStory: 3"]
[2018-09-16 19:32:12][[32mINFO[0m ][rustic::storyboard] state_names ["EmptyState", "FadeState: 1", "TweenState: 0.32395053"]
[2018-09-16 19:32:12][[33mWARN[0m ][rustic::sop::fade_states] Sending
[2018-09-16 19:32:12][[32mINFO[0m ][rustic::storyboard] story_names ["FadeStory: 3"]
[2018-09-16 19:32:12][[32mINFO[0m ][rustic::storyboard] state_names ["EmptyState", "FadeState: 1", "TweenState: 0.28691345"]
[2018-09-16 19:32:12][[33mWARN[0m ][rustic::sop::fade_states] Sending
[2018-09-16 19:32:12][[32mINFO[0m ][rustic::storyboard] story_names ["FadeStory: 3"]
[2018-09-16 19:32:12][[32mINFO[0m ][rustic::storyboard] state_names ["EmptyState", "FadeState: 1", "TweenState: 0.24888879"]
[2018-09-16 19:32:12][[33mWARN[0m ][rustic::sop::fade_states] Sending
[2018-09-16 19:32:12][[32mINFO[0m ][rustic::storyboard] story_names ["FadeStory: 3"]
[2018-09-16 19:32:12][[32mINFO[0m ][rustic::storyboard] state_names ["EmptyState", "FadeState: 1", "TweenState: 0.20987654"]
[2018-09-16 19:32:12][[33mWARN[0m ][rustic::sop::fade_states] Sending
[2018-09-16 19:32:12][[32mINFO[0m ][rustic::storyboard] story_names ["FadeStory: 3"]
[2018-09-16 19:32:12][[32mINFO[0m ][rustic::storyboard] state_names ["EmptyState", "FadeState: 1", "TweenState: 0.16987652"]
[2018-09-16 19:32:12][[33mWARN[0m ][rustic::sop::fade_states] Sending
[2018-09-16 19:32:12][[32mINFO[0m ][rustic::storyboard] story_names ["FadeStory: 3"]
[2018-09-16 19:32:12][[32mINFO[0m ][rustic::storyboard] state_names ["EmptyState", "FadeState: 1", "TweenState: 0.1288889"]
[2018-09-16 19:32:13][[33mWARN[0m ][rustic::sop::fade_states] Sending
[2018-09-16 19:32:13][[32mINFO[0m ][rustic::storyboard] story_names ["FadeStory: 3"]
[2018-09-16 19:32:13][[32mINFO[0m ][rustic::storyboard] state_names ["EmptyState", "FadeState: 1", "TweenState: 0.086913705"]
[2018-09-16 19:32:13][[33mWARN[0m ][rustic::sop::fade_states] Sending
[2018-09-16 19:32:13][[32mINFO[0m ][rustic::storyboard] story_names ["FadeStory: 3"]
[2018-09-16 19:32:13][[32mINFO[0m ][rustic::storyboard] state_names ["EmptyState", "FadeState: 1", "TweenState: 0.043950737"]
[2018-09-16 19:32:13][[33mWARN[0m ][rustic::sop::fade_states] Sending
[2018-09-16 19:32:13][[32mINFO[0m ][rustic::storyboard] story_names ["FadeStory: 3"]
[2018-09-16 19:32:13][[32mINFO[0m ][rustic::storyboard] state_names ["EmptyState", "FadeState: 1", "TweenState: 0.00000011920929"]
[2018-09-16 19:32:13][[33mWARN[0m ][rustic::sop::fade_states] Sending
[2018-09-16 19:32:13][[32mINFO[0m ][rustic::storyboard] story_names ["FadeStory: 3"]
[2018-09-16 19:32:13][[32mINFO[0m ][rustic::storyboard] state_names ["EmptyState", "FadeState: 1"]
[2018-09-16 19:32:13][[33mWARN[0m ][rustic::sop::fade_states] Recieving
[2018-09-16 19:32:13][[33mWARN[0m ][rustic::sop::fade_states] Recieving
[2018-09-16 19:32:13][[33mWARN[0m ][rustic::sop::fade_states] Recieving
[2018-09-16 19:32:13][[33mWARN[0m ][rustic::sop::fade_states] Recieving
[2018-09-16 19:32:13][[33mWARN[0m ][rustic::sop::fade_states] Recieving
[2018-09-16 19:32:13][[33mWARN[0m ][rustic::sop::fade_states] Recieving
[2018-09-16 19:32:13][[33mWARN[0m ][rustic::sop::fade_states] Recieving
[2018-09-16 19:32:13][[33mWARN[0m ][rustic::sop::fade_states] Recieving
[2018-09-16 19:32:13][[33mWARN[0m ][rustic::sop::fade_states] Recieving
[2018-09-16 19:32:13][[33mWARN[0m ][rustic::sop::fade_states] Recieving
[2018-09-16 19:32:13][[33mWARN[0m ][rustic::sop::fade_states] Recieving
[2018-09-16 19:32:13][[33mWARN[0m ][rustic::sop::fade_states] Recieving
[2018-09-16 19:32:13][[33mWARN[0m ][rustic::sop::fade_states] Recieving
[2018-09-16 19:32:13][[33mWARN[0m ][rustic::sop::fade_states] Recieving
[2018-09-16 19:32:13][[33mWARN[0m ][rustic::sop::fade_states] Recieving
[2018-09-16 19:32:13][[33mWARN[0m ][rustic::sop::fade_states] Recieving
[2018-09-16 19:32:13][[33mWARN[0m ][rustic::sop::fade_states] Recieving
[2018-09-16 19:32:13][[33mWARN[0m ][rustic::sop::fade_states] Recieving
[2018-09-16 19:32:13][[33mWARN[0m ][rustic::sop::fade_states] Recieving
[2018-09-16 19:32:13][[33mWARN[0m ][rustic::sop::fade_states] Recieving
[2018-09-16 19:32:13][[33mWARN[0m ][rustic::sop::fade_states] Recieving
[2018-09-16 19:32:13][[33mWARN[0m ][rustic::sop::fade_states] Recieving
[2018-09-16 19:32:13][[33mWARN[0m ][rustic::sop::fade_states] Recieving
[2018-09-16 19:32:13][[33mWARN[0m ][rustic::sop::fade_states] Recieving
[2018-09-16 19:32:13][[33mWARN[0m ][rustic::sop::fade_states] Recieving
[2018-09-16 19:32:13][[33mWARN[0m ][rustic::sop::fade_states] Recieving
[2018-09-16 19:32:13][[33mWARN[0m ][rustic::sop::fade_states] Recieving
[2018-09-16 19:32:13][[33mWARN[0m ][rustic::sop::fade_states] Recieving
[2018-09-16 19:32:13][[33mWARN[0m ][rustic::sop::fade_states] Recieving
[2018-09-16 19:32:13][[33mWARN[0m ][rustic::sop::fade_states] Recieving
[2018-09-16 19:32:13][[33mWARN[0m ][rustic::sop::fade_states] Recieving
[2018-09-16 19:32:13][[33mWARN[0m ][rustic::sop::fade_states] Recieving
[2018-09-16 19:32:13][[33mWARN[0m ][rustic::sop::fade_states] Recieving
[2018-09-16 19:32:13][[33mWARN[0m ][rustic::sop::fade_states] Recieving
[2018-09-16 19:32:13][[33mWARN[0m ][rustic::sop::fade_states] Recieving
[2018-09-16 19:32:13][[33mWARN[0m ][rustic::sop::fade_states] Recieving
[2018-09-16 19:32:13][[33mWARN[0m ][rustic::sop::fade_states] Recieving
[2018-09-16 19:32:13][[33mWARN[0m ][rustic::sop::fade_states] Recieving
[2018-09-16 19:32:13][[33mWARN[0m ][rustic::sop::fade_states] Recieving
[2018-09-16 19:32:13][[33mWARN[0m ][rustic::sop::fade_states] Recieving
[2018-09-16 19:32:13][[33mWARN[0m ][rustic::sop::fade_states] Recieving
[2018-09-16 19:32:13][[33mWARN[0m ][rustic::sop::fade_states] Recieving
[2018-09-16 19:32:13][[33mWARN[0m ][rustic::sop::fade_states] Recieving
[2018-09-16 19:32:13][[33mWARN[0m ][rustic::sop::fade_states] Recieving
[2018-09-16 19:32:13][[33mWARN[0m ][rustic::sop::fade_states] Recieving
[2018-09-16 19:32:13][[33mWARN[0m ][rustic::sop::fade_states] Recieving
[2018-09-16 19:32:13][[32mINFO[0m ][rustic::storyboard] story_names ["FadeStory: 3"]
[2018-09-16 19:32:13][[32mINFO[0m ][rustic::storyboard] state_names ["EmptyState"]
[2018-09-16 19:32:13][[32mINFO[0m ][rustic::storyboard] story_names ["Done: FadeStory: 3"]
[2018-09-16 19:32:13][[32mINFO[0m ][rustic::storyboard] state_names ["EmptyState"]
[2018-09-16 19:32:13][[32mINFO[0m ][rustic::storyboard] story_names ["Done: FadeStory: 3"]
[2018-09-16 19:32:13][[32mINFO[0m ][rustic::storyboard] state_names ["EmptyState"]
[2018-09-16 19:32:13][[32mINFO[0m ][rustic::storyboard] story_names ["Done: FadeStory: 3"]
[2018-09-16 19:32:13][[32mINFO[0m ][rustic::storyboard] state_names ["EmptyState"]
[2018-09-16 19:32:13][[32mINFO[0m ][rustic::storyboard] story_names ["Done: FadeStory: 3"]
[2018-09-16 19:32:13][[32mINFO[0m ][rustic::storyboard] state_names ["EmptyState"]
[2018-09-16 19:32:13][[32mINFO[0m ][rustic::storyboard] story_names ["Done: FadeStory: 3"]
[2018-09-16 19:32:13][[32mINFO[0m ][rustic::storyboard] state_names ["EmptyState"]
[2018-09-16 19:32:13][[32mINFO[0m ][rustic::storyboard] story_names ["Done: FadeStory: 3"]
[2018-09-16 19:32:13][[32mINFO[0m ][rustic::storyboard] state_names ["EmptyState"]
[2018-09-16 19:32:13][[32mINFO[0m ][rustic::storyboard] story_names ["Done: FadeStory: 3"]
[2018-09-16 19:32:13][[32mINFO[0m ][rustic::storyboard] state_names ["EmptyState"]
[2018-09-16 19:32:13][[32mINFO[0m ][rustic::storyboard] story_names ["Done: FadeStory: 3"]
[2018-09-16 19:32:13][[32mINFO[0m ][rustic::storyboard] state_names ["EmptyState"]
[2018-09-16 19:32:13][[32mINFO[0m ][rustic::storyboard] story_names ["Done: FadeStory: 3"]
[2018-09-16 19:32:13][[32mINFO[0m ][rustic::storyboard] state_names ["EmptyState"]
[2018-09-16 19:32:13][[32mINFO[0m ][rustic::storyboard] story_names ["Done: FadeStory: 3"]
[2018-09-16 19:32:13][[32mINFO[0m ][rustic::storyboard] state_names ["EmptyState"]
[2018-09-16 19:32:14][[32mINFO[0m ][rustic::storyboard] story_names ["Done: FadeStory: 3"]
[2018-09-16 19:32:14][[32mINFO[0m ][rustic::storyboard] state_names ["EmptyState"]
[2018-09-16 19:32:14][[32mINFO[0m ][rustic::storyboard] story_names ["Done: FadeStory: 3"]
[2018-09-16 19:32:14][[32mINFO[0m ][rustic::storyboard] state_names ["EmptyState"]
[2018-09-16 19:32:14][[32mINFO[0m ][rustic::storyboard] story_names ["Done: FadeStory: 3"]
[2018-09-16 19:32:14][[32mINFO[0m ][rustic::storyboard] state_names ["EmptyState"]
[2018-09-16 19:32:14][[32mINFO[0m ][rustic::storyboard] story_names ["Done: FadeStory: 3"]
[2018-09-16 19:32:14][[32mINFO[0m ][rustic::storyboard] state_names ["EmptyState"]
[2018-09-16 19:32:14][[32mINFO[0m ][rustic::storyboard] story_names ["Done: FadeStory: 3"]
[2018-09-16 19:32:14][[32mINFO[0m ][rustic::storyboard] state_names ["EmptyState"]
[2018-09-16 19:32:14][[32mINFO[0m ][rustic::storyboard] story_names ["Done: FadeStory: 3"]
[2018-09-16 19:32:14][[32mINFO[0m ][rustic::storyboard] state_names ["EmptyState"]
[2018-09-16 19:32:14][[32mINFO[0m ][rustic::storyboard] story_names ["Done: FadeStory: 3"]
[2018-09-16 19:32:14][[32mINFO[0m ][rustic::storyboard] state_names ["EmptyState"]
[2018-09-16 19:32:14][[32mINFO[0m ][rustic::storyboard] story_names ["Done: FadeStory: 3"]
[2018-09-16 19:32:14][[32mINFO[0m ][rustic::storyboard] state_names ["EmptyState"]
